Using pre-set license
Built from '2020.3/staging' branch; Version is '2020.3.8f1 (507919d4fff5) revision 5273881'; Using compiler version '192528614'; Build Type 'Release'
OS: 'Windows 10 Home; OS build 19044.1645; Version 2009; 64bit' Language: 'en' Physical Memory: 8122 MB
BatchMode: 1, IsHumanControllingUs: 0, StartBugReporterOnCrash: 0, Is64bit: 1, IsPro: 0

 COMMAND LINE ARGUMENTS:
C:\Program Files\Unity\Hub\Editor\2020.3.8f1\Editor\Unity.exe
-adb2
-batchMode
-noUpm
-name
AssetImportWorker0
-projectPath
E:/DGM1610/Prototype 2
-logFile
Logs/AssetImportWorker0.log
-srvPort
51956
Successfully changed project path to: E:/DGM1610/Prototype 2
E:/DGM1610/Prototype 2
Using Asset Import Pipeline V2.
Refreshing native plugins compatible for Editor in 23.19 ms, found 0 plugins.
Preloading 0 native plugins for Editor in 0.00 ms.
Initialize engine version: 2020.3.8f1 (507919d4fff5)
[Subsystems] Discovering subsystems at path C:/Program Files/Unity/Hub/Editor/2020.3.8f1/Editor/Data/Resources/UnitySubsystems
[Subsystems] Discovering subsystems at path E:/DGM1610/Prototype 2/Assets
GfxDevice: creating device client; threaded=0
Direct3D:
    Version:  Direct3D 11.0 [level 11.1]
    Renderer: Radeon RX 570 Series (ID=0x67df)
    Vendor:   
    VRAM:     4075 MB
    Driver:   30.0.13023.4001
Initialize mono
Mono path[0] = 'C:/Program Files/Unity/Hub/Editor/2020.3.8f1/Editor/Data/Managed'
Mono path[1] = 'C:/Program Files/Unity/Hub/Editor/2020.3.8f1/Editor/Data/MonoBleedingEdge/lib/mono/unityjit'
Mono config path = 'C:/Program Files/Unity/Hub/Editor/2020.3.8f1/Editor/Data/MonoBleedingEdge/etc'
Using monoOptions --debugger-agent=transport=dt_socket,embedding=1,server=y,suspend=n,address=127.0.0.1:56468
Begin MonoManager ReloadAssembly
Registering precompiled unity dll's ...
Register platform support module: C:/Program Files/Unity/Hub/Editor/2020.3.8f1/Editor/Data/PlaybackEngines/WindowsStandaloneSupport/UnityEditor.WindowsStandalone.Extensions.dll
Registered in 0.002232 seconds.
Native extension for WindowsStandalone target not found
Refreshing native plugins compatible for Editor in 24.34 ms, found 0 plugins.
Preloading 0 native plugins for Editor in 0.00 ms.
Mono: successfully reloaded assembly
- Completed reload, in  1.100 seconds
Platform modules already initialized, skipping
Registering precompiled user dll's ...
Registered in 0.000652 seconds.
Begin MonoManager ReloadAssembly
Native extension for WindowsStandalone target not found
Refreshing native plugins compatible for Editor in 0.23 ms, found 0 plugins.
Preloading 0 native plugins for Editor in 0.00 ms.
Mono: successfully reloaded assembly
- Completed reload, in  0.818 seconds
Platform modules already initialized, skipping
========================================================================
Worker process is ready to serve import requests
Launched and connected shader compiler UnityShaderCompiler.exe after 0.04 seconds
Refreshing native plugins compatible for Editor in 0.24 ms, found 0 plugins.
Preloading 0 native plugins for Editor in 0.00 ms.
Unloading 1126 Unused Serialized files (Serialized files now loaded: 0)
System memory in use before: 57.8 MB.
System memory in use after: 57.9 MB.

Unloading 10 unused Assets to reduce memory usage. Loaded Objects now: 1570.
Total: 1.681100 ms (FindLiveObjects: 0.138300 ms CreateObjectMapping: 0.031100 ms MarkObjects: 1.435700 ms  DeleteObjects: 0.074700 ms)

========================================================================
Received Import Request.
  path: Assets/Scenes/Prototype 2.unity
  artifactKey: Guid(f0196d95ff9244ffaa65879ba7824fd4) Importer(815301076,1909f56bfc062723c751e8b465ee728b)
Start importing Assets/Scenes/Prototype 2.unity using Guid(f0196d95ff9244ffaa65879ba7824fd4) Importer(815301076,1909f56bfc062723c751e8b465ee728b)  -> (artifact id: '2c89d3480592271eaf029e44f3ff611b') in 0.016505 seconds
  Import took 0.018596 seconds .

========================================================================
Received Import Request.
  Time since last request: 25.133188 seconds.
  path: Assets/Scripts/PlayerController.cs
  artifactKey: Guid(0258a1b09e2e5324f83ac55e33169640) Importer(815301076,1909f56bfc062723c751e8b465ee728b)
Start importing Assets/Scripts/PlayerController.cs using Guid(0258a1b09e2e5324f83ac55e33169640) Importer(815301076,1909f56bfc062723c751e8b465ee728b)  -> (artifact id: 'f920eabcd0702afa7f61ffac51c07fa4') in 0.107090 seconds
  Import took 0.143071 seconds .

========================================================================
Received Import Request.
  Time since last request: 441.770012 seconds.
  path: Assets/Prefabs/Food_Pizza_01.prefab
  artifactKey: Guid(c4abffd3ee6e46243be75023f2022eda) Importer(815301076,1909f56bfc062723c751e8b465ee728b)
Start importing Assets/Prefabs/Food_Pizza_01.prefab using Guid(c4abffd3ee6e46243be75023f2022eda) Importer(815301076,1909f56bfc062723c751e8b465ee728b)  -> (artifact id: 'efadad21bd7fbd80621a12879ef89b29') in 0.185908 seconds
  Import took 0.192438 seconds .

========================================================================
Received Prepare
Registering precompiled user dll's ...
Registered in 0.000730 seconds.
Begin MonoManager ReloadAssembly
Native extension for WindowsStandalone target not found
Refreshing native plugins compatible for Editor in 0.26 ms, found 0 plugins.
Preloading 0 native plugins for Editor in 0.00 ms.
Mono: successfully reloaded assembly
- Completed reload, in  0.789 seconds
Platform modules already initialized, skipping
Refreshing native plugins compatible for Editor in 0.22 ms, found 0 plugins.
Preloading 0 native plugins for Editor in 0.00 ms.
Unloading 1121 Unused Serialized files (Serialized files now loaded: 0)
System memory in use before: 60.9 MB.
System memory in use after: 61.0 MB.

Unloading 5 unused Assets to reduce memory usage. Loaded Objects now: 1580.
Total: 1.608300 ms (FindLiveObjects: 0.147900 ms CreateObjectMapping: 0.031400 ms MarkObjects: 1.379800 ms  DeleteObjects: 0.048200 ms)

========================================================================
Received Import Request.
  Time since last request: 310.706617 seconds.
  path: Assets/Scripts/DestroyOutOfBounds.cs
  artifactKey: Guid(14f1436f09af8a949844db75f1c690e0) Importer(815301076,1909f56bfc062723c751e8b465ee728b)
Start importing Assets/Scripts/DestroyOutOfBounds.cs using Guid(14f1436f09af8a949844db75f1c690e0) Importer(815301076,1909f56bfc062723c751e8b465ee728b)  -> (artifact id: 'e8ffc1c917f5096b84b7feae1fe23439') in 0.110015 seconds
  Import took 0.121556 seconds .

========================================================================
Received Import Request.
  Time since last request: 0.576090 seconds.
  path: Assets/Scripts/DetectCollisions.cs
  artifactKey: Guid(36a6bab295ed7a647bd6c6bea86fc603) Importer(815301076,1909f56bfc062723c751e8b465ee728b)
Start importing Assets/Scripts/DetectCollisions.cs using Guid(36a6bab295ed7a647bd6c6bea86fc603) Importer(815301076,1909f56bfc062723c751e8b465ee728b)  -> (artifact id: '5820d64f996550e3082b3dbaf8f8e39d') in 0.044858 seconds
  Import took 0.132805 seconds .

AssetImportWorkerClient::OnTransportError - code=2 error=End of file
