Using pre-set license
Built from '2020.3/staging' branch; Version is '2020.3.8f1 (507919d4fff5) revision 5273881'; Using compiler version '192528614'; Build Type 'Release'
OS: 'Windows 10 Home; OS build 19044.1645; Version 2009; 64bit' Language: 'en' Physical Memory: 8122 MB
BatchMode: 1, IsHumanControllingUs: 0, StartBugReporterOnCrash: 0, Is64bit: 1, IsPro: 0

 COMMAND LINE ARGUMENTS:
C:\Program Files\Unity\Hub\Editor\2020.3.8f1\Editor\Unity.exe
-adb2
-batchMode
-noUpm
-name
AssetImportWorker0
-projectPath
E:/DGM1610/Run Jump
-logFile
Logs/AssetImportWorker0.log
-srvPort
51610
Successfully changed project path to: E:/DGM1610/Run Jump
E:/DGM1610/Run Jump
Using Asset Import Pipeline V2.
Refreshing native plugins compatible for Editor in 29.37 ms, found 0 plugins.
Preloading 0 native plugins for Editor in 0.00 ms.
Initialize engine version: 2020.3.8f1 (507919d4fff5)
[Subsystems] Discovering subsystems at path C:/Program Files/Unity/Hub/Editor/2020.3.8f1/Editor/Data/Resources/UnitySubsystems
[Subsystems] Discovering subsystems at path E:/DGM1610/Run Jump/Assets
GfxDevice: creating device client; threaded=0
Direct3D:
    Version:  Direct3D 11.0 [level 11.1]
    Renderer: Radeon RX 570 Series (ID=0x67df)
    Vendor:   
    VRAM:     4075 MB
    Driver:   30.0.13023.4001
Initialize mono
Mono path[0] = 'C:/Program Files/Unity/Hub/Editor/2020.3.8f1/Editor/Data/Managed'
Mono path[1] = 'C:/Program Files/Unity/Hub/Editor/2020.3.8f1/Editor/Data/MonoBleedingEdge/lib/mono/unityjit'
Mono config path = 'C:/Program Files/Unity/Hub/Editor/2020.3.8f1/Editor/Data/MonoBleedingEdge/etc'
Using monoOptions --debugger-agent=transport=dt_socket,embedding=1,server=y,suspend=n,address=127.0.0.1:56496
Begin MonoManager ReloadAssembly
Registering precompiled unity dll's ...
Register platform support module: C:/Program Files/Unity/Hub/Editor/2020.3.8f1/Editor/Data/PlaybackEngines/WindowsStandaloneSupport/UnityEditor.WindowsStandalone.Extensions.dll
Registered in 0.002340 seconds.
Native extension for WindowsStandalone target not found
Refreshing native plugins compatible for Editor in 25.57 ms, found 0 plugins.
Preloading 0 native plugins for Editor in 0.00 ms.
Mono: successfully reloaded assembly
- Completed reload, in  1.172 seconds
Platform modules already initialized, skipping
Registering precompiled user dll's ...
Registered in 0.000761 seconds.
Begin MonoManager ReloadAssembly
Native extension for WindowsStandalone target not found
Refreshing native plugins compatible for Editor in 0.26 ms, found 0 plugins.
Preloading 0 native plugins for Editor in 0.00 ms.
Mono: successfully reloaded assembly
- Completed reload, in  0.910 seconds
Platform modules already initialized, skipping
========================================================================
Worker process is ready to serve import requests
Launched and connected shader compiler UnityShaderCompiler.exe after 0.05 seconds
Refreshing native plugins compatible for Editor in 0.24 ms, found 0 plugins.
Preloading 0 native plugins for Editor in 0.00 ms.
Unloading 1126 Unused Serialized files (Serialized files now loaded: 0)
System memory in use before: 58.3 MB.
System memory in use after: 58.3 MB.

Unloading 10 unused Assets to reduce memory usage. Loaded Objects now: 1571.
Total: 1.897600 ms (FindLiveObjects: 0.156400 ms CreateObjectMapping: 0.031400 ms MarkObjects: 1.601100 ms  DeleteObjects: 0.107100 ms)

========================================================================
Received Import Request.
  path: Assets/Scripts/ScriptableObjects.cs
  artifactKey: Guid(83e22db215dd13046b39d71fa934cc47) Importer(815301076,1909f56bfc062723c751e8b465ee728b)
Start importing Assets/Scripts/ScriptableObjects.cs using Guid(83e22db215dd13046b39d71fa934cc47) Importer(815301076,1909f56bfc062723c751e8b465ee728b)  -> (artifact id: '2dabd126de3bd6cd5d0ed0684a81c42a') in 0.026309 seconds
  Import took 0.028097 seconds .

========================================================================
Received Import Request.
  Time since last request: 180.064946 seconds.
  path: Assets/Scripts/ScriptableObjects.cs
  artifactKey: Guid(83e22db215dd13046b39d71fa934cc47) Importer(815301076,1909f56bfc062723c751e8b465ee728b)
Start importing Assets/Scripts/ScriptableObjects.cs using Guid(83e22db215dd13046b39d71fa934cc47) Importer(815301076,1909f56bfc062723c751e8b465ee728b)  -> (artifact id: 'efca17676dbdc630c1d8c94a93a6181a') in 0.002478 seconds
  Import took 0.004475 seconds .

========================================================================
Received Import Request.
  Time since last request: 34.492139 seconds.
  path: Assets/Scripts/ScriptableObjects.cs
  artifactKey: Guid(83e22db215dd13046b39d71fa934cc47) Importer(815301076,1909f56bfc062723c751e8b465ee728b)
Start importing Assets/Scripts/ScriptableObjects.cs using Guid(83e22db215dd13046b39d71fa934cc47) Importer(815301076,1909f56bfc062723c751e8b465ee728b)  -> (artifact id: '5c2a7f2edecbd670a748c346b62f9071') in 0.004567 seconds
  Import took 0.006634 seconds .

========================================================================
Received Prepare
Registering precompiled user dll's ...
Registered in 0.000748 seconds.
Begin MonoManager ReloadAssembly
Native extension for WindowsStandalone target not found
Refreshing native plugins compatible for Editor in 0.23 ms, found 0 plugins.
Preloading 0 native plugins for Editor in 0.00 ms.
Mono: successfully reloaded assembly
- Completed reload, in  0.799 seconds
Platform modules already initialized, skipping
Refreshing native plugins compatible for Editor in 0.24 ms, found 0 plugins.
Preloading 0 native plugins for Editor in 0.00 ms.
Unloading 1120 Unused Serialized files (Serialized files now loaded: 0)
System memory in use before: 58.1 MB.
System memory in use after: 58.2 MB.

Unloading 5 unused Assets to reduce memory usage. Loaded Objects now: 1574.
Total: 1.664400 ms (FindLiveObjects: 0.138500 ms CreateObjectMapping: 0.030500 ms MarkObjects: 1.425400 ms  DeleteObjects: 0.069100 ms)

AssetImportWorkerClient::OnTransportError - code=2 error=End of file
