Using pre-set license
Built from '2020.3/staging' branch; Version is '2020.3.8f1 (507919d4fff5) revision 5273881'; Using compiler version '192528614'; Build Type 'Release'
OS: 'Windows 10 Home; OS build 19044.1586; Version 2009; 64bit' Language: 'en' Physical Memory: 8122 MB
BatchMode: 1, IsHumanControllingUs: 0, StartBugReporterOnCrash: 0, Is64bit: 1, IsPro: 0

 COMMAND LINE ARGUMENTS:
C:\Program Files\Unity\Hub\Editor\2020.3.8f1\Editor\Unity.exe
-adb2
-batchMode
-noUpm
-name
AssetImportWorker0
-projectPath
E:/DGM1610/Prototype 5 - Direct Download/Clicky Mouse
-logFile
Logs/AssetImportWorker0.log
-srvPort
51613
Successfully changed project path to: E:/DGM1610/Prototype 5 - Direct Download/Clicky Mouse
E:/DGM1610/Prototype 5 - Direct Download/Clicky Mouse
Using Asset Import Pipeline V2.
Refreshing native plugins compatible for Editor in 26.98 ms, found 0 plugins.
Preloading 0 native plugins for Editor in 0.00 ms.
Initialize engine version: 2020.3.8f1 (507919d4fff5)
[Subsystems] Discovering subsystems at path C:/Program Files/Unity/Hub/Editor/2020.3.8f1/Editor/Data/Resources/UnitySubsystems
[Subsystems] Discovering subsystems at path E:/DGM1610/Prototype 5 - Direct Download/Clicky Mouse/Assets
GfxDevice: creating device client; threaded=0
Direct3D:
    Version:  Direct3D 11.0 [level 11.1]
    Renderer: Radeon RX 570 Series (ID=0x67df)
    Vendor:   
    VRAM:     4075 MB
    Driver:   30.0.13023.4001
Initialize mono
Mono path[0] = 'C:/Program Files/Unity/Hub/Editor/2020.3.8f1/Editor/Data/Managed'
Mono path[1] = 'C:/Program Files/Unity/Hub/Editor/2020.3.8f1/Editor/Data/MonoBleedingEdge/lib/mono/unityjit'
Mono config path = 'C:/Program Files/Unity/Hub/Editor/2020.3.8f1/Editor/Data/MonoBleedingEdge/etc'
Using monoOptions --debugger-agent=transport=dt_socket,embedding=1,server=y,suspend=n,address=127.0.0.1:56380
Begin MonoManager ReloadAssembly
Registering precompiled unity dll's ...
Register platform support module: C:/Program Files/Unity/Hub/Editor/2020.3.8f1/Editor/Data/PlaybackEngines/WindowsStandaloneSupport/UnityEditor.WindowsStandalone.Extensions.dll
Registered in 0.002353 seconds.
Native extension for WindowsStandalone target not found
Refreshing native plugins compatible for Editor in 26.00 ms, found 0 plugins.
Preloading 0 native plugins for Editor in 0.00 ms.
Mono: successfully reloaded assembly
- Completed reload, in  1.227 seconds
Platform modules already initialized, skipping
Registering precompiled user dll's ...
Registered in 0.000712 seconds.
Begin MonoManager ReloadAssembly
Native extension for WindowsStandalone target not found
Refreshing native plugins compatible for Editor in 0.24 ms, found 0 plugins.
Preloading 0 native plugins for Editor in 0.00 ms.
Mono: successfully reloaded assembly
- Completed reload, in  0.921 seconds
Platform modules already initialized, skipping
========================================================================
Worker process is ready to serve import requests
Launched and connected shader compiler UnityShaderCompiler.exe after 0.05 seconds
Refreshing native plugins compatible for Editor in 0.27 ms, found 0 plugins.
Preloading 0 native plugins for Editor in 0.00 ms.
Unloading 1137 Unused Serialized files (Serialized files now loaded: 0)
System memory in use before: 59.7 MB.
System memory in use after: 59.6 MB.

Unloading 12 unused Assets to reduce memory usage. Loaded Objects now: 1578.
Total: 1.729900 ms (FindLiveObjects: 0.141000 ms CreateObjectMapping: 0.031500 ms MarkObjects: 1.431900 ms  DeleteObjects: 0.124500 ms)

========================================================================
Received Import Request.
  path: Assets/Challenge 5/Challenge 5.unity
  artifactKey: Guid(2c85e4f6638394ea8b8154a3b832357b) Importer(815301076,1909f56bfc062723c751e8b465ee728b)
Start importing Assets/Challenge 5/Challenge 5.unity using Guid(2c85e4f6638394ea8b8154a3b832357b) Importer(815301076,1909f56bfc062723c751e8b465ee728b)  -> (artifact id: '8e57327719022146de5e39d3a29619a2') in 0.018483 seconds
  Import took 0.043774 seconds .

========================================================================
Received Import Request.
  Time since last request: 402.187696 seconds.
  path: Assets/Challenge 5/Scripts/TargetX.cs
  artifactKey: Guid(629360cc36e724222b73cadfd418f267) Importer(815301076,1909f56bfc062723c751e8b465ee728b)
Start importing Assets/Challenge 5/Scripts/TargetX.cs using Guid(629360cc36e724222b73cadfd418f267) Importer(815301076,1909f56bfc062723c751e8b465ee728b)  -> (artifact id: 'be7c048a1703abbe02f98269936be0ef') in 0.020972 seconds
  Import took 0.121532 seconds .

========================================================================
Received Prepare
Registering precompiled user dll's ...
Registered in 0.000740 seconds.
Begin MonoManager ReloadAssembly
Native extension for WindowsStandalone target not found
Refreshing native plugins compatible for Editor in 0.26 ms, found 0 plugins.
Preloading 0 native plugins for Editor in 0.00 ms.
Mono: successfully reloaded assembly
- Completed reload, in  0.823 seconds
Platform modules already initialized, skipping
Refreshing native plugins compatible for Editor in 0.23 ms, found 0 plugins.
Preloading 0 native plugins for Editor in 0.00 ms.
Unloading 1120 Unused Serialized files (Serialized files now loaded: 0)
System memory in use before: 58.4 MB.
System memory in use after: 58.4 MB.

Unloading 7 unused Assets to reduce memory usage. Loaded Objects now: 1581.
Total: 1.812600 ms (FindLiveObjects: 0.165300 ms CreateObjectMapping: 0.031100 ms MarkObjects: 1.505900 ms  DeleteObjects: 0.109100 ms)

========================================================================
Received Import Request.
  Time since last request: 137.523557 seconds.
  path: Assets/Challenge 5/Scripts/TargetX.cs
  artifactKey: Guid(629360cc36e724222b73cadfd418f267) Importer(815301076,1909f56bfc062723c751e8b465ee728b)
Start importing Assets/Challenge 5/Scripts/TargetX.cs using Guid(629360cc36e724222b73cadfd418f267) Importer(815301076,1909f56bfc062723c751e8b465ee728b)  -> (artifact id: '8526bbf18ea8d8084858d158746904eb') in 0.007886 seconds
  Import took 0.009910 seconds .

========================================================================
Received Import Request.
  Time since last request: 1.740228 seconds.
  path: Assets/Challenge 5/Scripts/TargetX.cs
  artifactKey: Guid(629360cc36e724222b73cadfd418f267) Importer(815301076,1909f56bfc062723c751e8b465ee728b)
Start importing Assets/Challenge 5/Scripts/TargetX.cs using Guid(629360cc36e724222b73cadfd418f267) Importer(815301076,1909f56bfc062723c751e8b465ee728b)  -> (artifact id: '8526bbf18ea8d8084858d158746904eb') in 0.004441 seconds
  Import took 0.006630 seconds .

========================================================================
Received Prepare
Registering precompiled user dll's ...
Registered in 0.000719 seconds.
Begin MonoManager ReloadAssembly
Native extension for WindowsStandalone target not found
Refreshing native plugins compatible for Editor in 0.23 ms, found 0 plugins.
Preloading 0 native plugins for Editor in 0.00 ms.
Mono: successfully reloaded assembly
- Completed reload, in  0.786 seconds
Platform modules already initialized, skipping
Refreshing native plugins compatible for Editor in 0.29 ms, found 0 plugins.
Preloading 0 native plugins for Editor in 0.00 ms.
Unloading 1120 Unused Serialized files (Serialized files now loaded: 0)
System memory in use before: 58.5 MB.
System memory in use after: 58.5 MB.

Unloading 7 unused Assets to reduce memory usage. Loaded Objects now: 1584.
Total: 1.905900 ms (FindLiveObjects: 0.172100 ms CreateObjectMapping: 0.032300 ms MarkObjects: 1.586300 ms  DeleteObjects: 0.113400 ms)

========================================================================
Received Prepare
Registering precompiled user dll's ...
Registered in 0.000923 seconds.
Begin MonoManager ReloadAssembly
Native extension for WindowsStandalone target not found
Refreshing native plugins compatible for Editor in 0.23 ms, found 0 plugins.
Preloading 0 native plugins for Editor in 0.00 ms.
Mono: successfully reloaded assembly
- Completed reload, in  0.790 seconds
Platform modules already initialized, skipping
Refreshing native plugins compatible for Editor in 0.22 ms, found 0 plugins.
Preloading 0 native plugins for Editor in 0.00 ms.
Unloading 1120 Unused Serialized files (Serialized files now loaded: 0)
System memory in use before: 58.5 MB.
System memory in use after: 58.5 MB.

Unloading 7 unused Assets to reduce memory usage. Loaded Objects now: 1587.
Total: 1.730100 ms (FindLiveObjects: 0.136200 ms CreateObjectMapping: 0.030300 ms MarkObjects: 1.438200 ms  DeleteObjects: 0.124500 ms)

========================================================================
Received Prepare
Registering precompiled user dll's ...
Registered in 0.000718 seconds.
Begin MonoManager ReloadAssembly
Native extension for WindowsStandalone target not found
Refreshing native plugins compatible for Editor in 0.23 ms, found 0 plugins.
Preloading 0 native plugins for Editor in 0.00 ms.
Mono: successfully reloaded assembly
- Completed reload, in  0.852 seconds
Platform modules already initialized, skipping
Refreshing native plugins compatible for Editor in 0.23 ms, found 0 plugins.
Preloading 0 native plugins for Editor in 0.00 ms.
Unloading 1120 Unused Serialized files (Serialized files now loaded: 0)
System memory in use before: 58.5 MB.
System memory in use after: 58.5 MB.

Unloading 7 unused Assets to reduce memory usage. Loaded Objects now: 1590.
Total: 1.692300 ms (FindLiveObjects: 0.143300 ms CreateObjectMapping: 0.029100 ms MarkObjects: 1.406900 ms  DeleteObjects: 0.112000 ms)

========================================================================
Received Prepare
Registering precompiled user dll's ...
Registered in 0.000746 seconds.
Begin MonoManager ReloadAssembly
Native extension for WindowsStandalone target not found
Refreshing native plugins compatible for Editor in 0.23 ms, found 0 plugins.
Preloading 0 native plugins for Editor in 0.00 ms.
Mono: successfully reloaded assembly
- Completed reload, in  0.821 seconds
Platform modules already initialized, skipping
Refreshing native plugins compatible for Editor in 0.24 ms, found 0 plugins.
Preloading 0 native plugins for Editor in 0.00 ms.
Unloading 1120 Unused Serialized files (Serialized files now loaded: 0)
System memory in use before: 58.5 MB.
System memory in use after: 58.5 MB.

Unloading 7 unused Assets to reduce memory usage. Loaded Objects now: 1593.
Total: 1.868500 ms (FindLiveObjects: 0.146100 ms CreateObjectMapping: 0.031500 ms MarkObjects: 1.577100 ms  DeleteObjects: 0.112500 ms)

========================================================================
Received Prepare
Registering precompiled user dll's ...
Registered in 0.000862 seconds.
Begin MonoManager ReloadAssembly
Native extension for WindowsStandalone target not found
Refreshing native plugins compatible for Editor in 0.23 ms, found 0 plugins.
Preloading 0 native plugins for Editor in 0.00 ms.
Mono: successfully reloaded assembly
- Completed reload, in  0.792 seconds
Platform modules already initialized, skipping
Refreshing native plugins compatible for Editor in 0.23 ms, found 0 plugins.
Preloading 0 native plugins for Editor in 0.00 ms.
Unloading 1120 Unused Serialized files (Serialized files now loaded: 0)
System memory in use before: 58.5 MB.
System memory in use after: 58.5 MB.

Unloading 7 unused Assets to reduce memory usage. Loaded Objects now: 1596.
Total: 1.825500 ms (FindLiveObjects: 0.135600 ms CreateObjectMapping: 0.030600 ms MarkObjects: 1.550200 ms  DeleteObjects: 0.107200 ms)

========================================================================
Received Import Request.
  Time since last request: 1115.136536 seconds.
  path: Assets/Challenge 5/Scripts/DifficultyButtonX.cs
  artifactKey: Guid(c82f487199cba435ead2b04905b1c9b9) Importer(815301076,1909f56bfc062723c751e8b465ee728b)
Start importing Assets/Challenge 5/Scripts/DifficultyButtonX.cs using Guid(c82f487199cba435ead2b04905b1c9b9) Importer(815301076,1909f56bfc062723c751e8b465ee728b)  -> (artifact id: '07060d41e33038486ece99c75fd44795') in 0.121081 seconds
  Import took 0.123218 seconds .

========================================================================
Received Prepare
Registering precompiled user dll's ...
Registered in 0.000735 seconds.
Begin MonoManager ReloadAssembly
Native extension for WindowsStandalone target not found
Refreshing native plugins compatible for Editor in 0.24 ms, found 0 plugins.
Preloading 0 native plugins for Editor in 0.00 ms.
Mono: successfully reloaded assembly
- Completed reload, in  0.843 seconds
Platform modules already initialized, skipping
Refreshing native plugins compatible for Editor in 0.23 ms, found 0 plugins.
Preloading 0 native plugins for Editor in 0.00 ms.
Unloading 1120 Unused Serialized files (Serialized files now loaded: 0)
System memory in use before: 58.5 MB.
System memory in use after: 58.5 MB.

Unloading 7 unused Assets to reduce memory usage. Loaded Objects now: 1599.
Total: 1.884600 ms (FindLiveObjects: 0.272200 ms CreateObjectMapping: 0.032200 ms MarkObjects: 1.469300 ms  DeleteObjects: 0.109500 ms)

========================================================================
Received Prepare
Registering precompiled user dll's ...
Registered in 0.002214 seconds.
Begin MonoManager ReloadAssembly
Native extension for WindowsStandalone target not found
Refreshing native plugins compatible for Editor in 0.23 ms, found 0 plugins.
Preloading 0 native plugins for Editor in 0.00 ms.
Mono: successfully reloaded assembly
- Completed reload, in  0.811 seconds
Platform modules already initialized, skipping
Refreshing native plugins compatible for Editor in 0.25 ms, found 0 plugins.
Preloading 0 native plugins for Editor in 0.00 ms.
Unloading 1120 Unused Serialized files (Serialized files now loaded: 0)
System memory in use before: 58.5 MB.
System memory in use after: 58.5 MB.

Unloading 7 unused Assets to reduce memory usage. Loaded Objects now: 1602.
Total: 1.721400 ms (FindLiveObjects: 0.145200 ms CreateObjectMapping: 0.031900 ms MarkObjects: 1.438400 ms  DeleteObjects: 0.104700 ms)

========================================================================
Received Prepare
Registering precompiled user dll's ...
Registered in 0.000986 seconds.
Begin MonoManager ReloadAssembly
Native extension for WindowsStandalone target not found
Refreshing native plugins compatible for Editor in 0.23 ms, found 0 plugins.
Preloading 0 native plugins for Editor in 0.00 ms.
Mono: successfully reloaded assembly
- Completed reload, in  0.815 seconds
Platform modules already initialized, skipping
Refreshing native plugins compatible for Editor in 0.23 ms, found 0 plugins.
Preloading 0 native plugins for Editor in 0.00 ms.
Unloading 1120 Unused Serialized files (Serialized files now loaded: 0)
System memory in use before: 58.5 MB.
System memory in use after: 58.5 MB.

Unloading 7 unused Assets to reduce memory usage. Loaded Objects now: 1605.
Total: 1.814000 ms (FindLiveObjects: 0.145200 ms CreateObjectMapping: 0.030400 ms MarkObjects: 1.528200 ms  DeleteObjects: 0.108800 ms)

========================================================================
Received Prepare
Registering precompiled user dll's ...
Registered in 0.000804 seconds.
Begin MonoManager ReloadAssembly
Native extension for WindowsStandalone target not found
Refreshing native plugins compatible for Editor in 0.25 ms, found 0 plugins.
Preloading 0 native plugins for Editor in 0.00 ms.
Mono: successfully reloaded assembly
- Completed reload, in  0.815 seconds
Platform modules already initialized, skipping
Refreshing native plugins compatible for Editor in 0.23 ms, found 0 plugins.
Preloading 0 native plugins for Editor in 0.00 ms.
Unloading 1120 Unused Serialized files (Serialized files now loaded: 0)
System memory in use before: 58.5 MB.
System memory in use after: 58.5 MB.

Unloading 7 unused Assets to reduce memory usage. Loaded Objects now: 1608.
Total: 2.020800 ms (FindLiveObjects: 0.183000 ms CreateObjectMapping: 0.032400 ms MarkObjects: 1.685700 ms  DeleteObjects: 0.118500 ms)

AssetImportWorkerClient::OnTransportError - code=2 error=End of file
