Using pre-set license
Built from '2020.3/staging' branch; Version is '2020.3.8f1 (507919d4fff5) revision 5273881'; Using compiler version '192528614'; Build Type 'Release'
OS: 'Windows 10 Home; OS build 19044.1586; Version 2009; 64bit' Language: 'en' Physical Memory: 8122 MB
BatchMode: 1, IsHumanControllingUs: 0, StartBugReporterOnCrash: 0, Is64bit: 1, IsPro: 0

 COMMAND LINE ARGUMENTS:
C:\Program Files\Unity\Hub\Editor\2020.3.8f1\Editor\Unity.exe
-adb2
-batchMode
-noUpm
-name
AssetImportWorker0
-projectPath
E:/DGM1610/Prototype 5 - Direct Download/Clicky Mouse
-logFile
Logs/AssetImportWorker0.log
-srvPort
62711
Successfully changed project path to: E:/DGM1610/Prototype 5 - Direct Download/Clicky Mouse
E:/DGM1610/Prototype 5 - Direct Download/Clicky Mouse
Using Asset Import Pipeline V2.
Refreshing native plugins compatible for Editor in 25.26 ms, found 0 plugins.
Preloading 0 native plugins for Editor in 0.00 ms.
Initialize engine version: 2020.3.8f1 (507919d4fff5)
[Subsystems] Discovering subsystems at path C:/Program Files/Unity/Hub/Editor/2020.3.8f1/Editor/Data/Resources/UnitySubsystems
[Subsystems] Discovering subsystems at path E:/DGM1610/Prototype 5 - Direct Download/Clicky Mouse/Assets
GfxDevice: creating device client; threaded=0
Direct3D:
    Version:  Direct3D 11.0 [level 11.1]
    Renderer: Radeon RX 570 Series (ID=0x67df)
    Vendor:   
    VRAM:     4075 MB
    Driver:   30.0.13023.4001
Initialize mono
Mono path[0] = 'C:/Program Files/Unity/Hub/Editor/2020.3.8f1/Editor/Data/Managed'
Mono path[1] = 'C:/Program Files/Unity/Hub/Editor/2020.3.8f1/Editor/Data/MonoBleedingEdge/lib/mono/unityjit'
Mono config path = 'C:/Program Files/Unity/Hub/Editor/2020.3.8f1/Editor/Data/MonoBleedingEdge/etc'
Using monoOptions --debugger-agent=transport=dt_socket,embedding=1,server=y,suspend=n,address=127.0.0.1:56772
Begin MonoManager ReloadAssembly
Registering precompiled unity dll's ...
Register platform support module: C:/Program Files/Unity/Hub/Editor/2020.3.8f1/Editor/Data/PlaybackEngines/WindowsStandaloneSupport/UnityEditor.WindowsStandalone.Extensions.dll
Registered in 0.002226 seconds.
Native extension for WindowsStandalone target not found
Refreshing native plugins compatible for Editor in 26.53 ms, found 0 plugins.
Preloading 0 native plugins for Editor in 0.00 ms.
Mono: successfully reloaded assembly
- Completed reload, in  1.283 seconds
Platform modules already initialized, skipping
Registering precompiled user dll's ...
Registered in 0.000666 seconds.
Begin MonoManager ReloadAssembly
Native extension for WindowsStandalone target not found
Refreshing native plugins compatible for Editor in 0.24 ms, found 0 plugins.
Preloading 0 native plugins for Editor in 0.00 ms.
Mono: successfully reloaded assembly
- Completed reload, in  0.914 seconds
Platform modules already initialized, skipping
========================================================================
Worker process is ready to serve import requests
Launched and connected shader compiler UnityShaderCompiler.exe after 0.06 seconds
Refreshing native plugins compatible for Editor in 0.26 ms, found 0 plugins.
Preloading 0 native plugins for Editor in 0.00 ms.
Unloading 1117 Unused Serialized files (Serialized files now loaded: 0)
System memory in use before: 57.3 MB.
System memory in use after: 57.4 MB.

Unloading 10 unused Assets to reduce memory usage. Loaded Objects now: 1559.
Total: 1.694100 ms (FindLiveObjects: 0.136100 ms CreateObjectMapping: 0.031200 ms MarkObjects: 1.444000 ms  DeleteObjects: 0.081700 ms)

========================================================================
Received Import Request.
  path: Assets/Course Library/Textures/PolygonPrototype_Texture_Grid_07.png
  artifactKey: Guid(7789f4efbb0f45c4780925243375a18e) Importer(815301076,1909f56bfc062723c751e8b465ee728b)
Start importing Assets/Course Library/Textures/PolygonPrototype_Texture_Grid_07.png using Guid(7789f4efbb0f45c4780925243375a18e) Importer(815301076,1909f56bfc062723c751e8b465ee728b)  -> (artifact id: '3d018461f981f8b64e6da92fb3f8fb44') in 0.160343 seconds
  Import took 0.162235 seconds .

========================================================================
Received Import Request.
  Time since last request: 0.000203 seconds.
  path: Assets/Course Library/Textures/PolygonPrototype_Texture_Grid_Glass_01.png
  artifactKey: Guid(1432e62c10501d147a873c128326f711) Importer(815301076,1909f56bfc062723c751e8b465ee728b)
Start importing Assets/Course Library/Textures/PolygonPrototype_Texture_Grid_Glass_01.png using Guid(1432e62c10501d147a873c128326f711) Importer(815301076,1909f56bfc062723c751e8b465ee728b)  -> (artifact id: '06d0242a7beccd7d813be287b573d161') in 0.016700 seconds
  Import took 0.018569 seconds .

========================================================================
Received Import Request.
  Time since last request: 96.537586 seconds.
  path: Assets/Course Library/Props/Food/Food_Bone_01.prefab
  artifactKey: Guid(1f17d257118ec324ca772c5b2bacbb14) Importer(815301076,1909f56bfc062723c751e8b465ee728b)
Start importing Assets/Course Library/Props/Food/Food_Bone_01.prefab using Guid(1f17d257118ec324ca772c5b2bacbb14) Importer(815301076,1909f56bfc062723c751e8b465ee728b)  -> (artifact id: 'dc2c82bd38c1ef2042e464c993ae03e9') in 0.082351 seconds
  Import took 0.084510 seconds .

========================================================================
Received Import Request.
  Time since last request: 0.476419 seconds.
  path: Assets/Course Library/Props/Food/Food_Cookie_01.prefab
  artifactKey: Guid(10d25933610222845ad3760a855829c4) Importer(815301076,1909f56bfc062723c751e8b465ee728b)
Start importing Assets/Course Library/Props/Food/Food_Cookie_01.prefab using Guid(10d25933610222845ad3760a855829c4) Importer(815301076,1909f56bfc062723c751e8b465ee728b)  -> (artifact id: '7cd65e099970e785403a0de4bf30426a') in 0.033192 seconds
  Import took 0.038556 seconds .

========================================================================
Received Import Request.
  Time since last request: 1.700611 seconds.
  path: Assets/Course Library/Props/Food/Food_EnergyCan_01.prefab
  artifactKey: Guid(f9125fa89572f1e40bb082978a85b951) Importer(815301076,1909f56bfc062723c751e8b465ee728b)
Start importing Assets/Course Library/Props/Food/Food_EnergyCan_01.prefab using Guid(f9125fa89572f1e40bb082978a85b951) Importer(815301076,1909f56bfc062723c751e8b465ee728b)  -> (artifact id: 'aec582c252b30c3b01a0326201ebf50c') in 0.019703 seconds
  Import took 0.021806 seconds .

========================================================================
Received Import Request.
  Time since last request: 1.636645 seconds.
  path: Assets/Course Library/Props/Food/Food_Fish_Cooked.prefab
  artifactKey: Guid(245ebd2bf811d4f45a1d5dcd8c327131) Importer(815301076,1909f56bfc062723c751e8b465ee728b)
Start importing Assets/Course Library/Props/Food/Food_Fish_Cooked.prefab using Guid(245ebd2bf811d4f45a1d5dcd8c327131) Importer(815301076,1909f56bfc062723c751e8b465ee728b)  -> (artifact id: 'aa1e8a09c911959d0bd274560ad141ea') in 0.020174 seconds
  Import took 0.022254 seconds .

========================================================================
Received Import Request.
  Time since last request: 0.633455 seconds.
  path: Assets/Course Library/Props/Food/Food_Organic_Apple_01.prefab
  artifactKey: Guid(c13306d1f1d9a1a489199ef77f9dba89) Importer(815301076,1909f56bfc062723c751e8b465ee728b)
Start importing Assets/Course Library/Props/Food/Food_Organic_Apple_01.prefab using Guid(c13306d1f1d9a1a489199ef77f9dba89) Importer(815301076,1909f56bfc062723c751e8b465ee728b)  -> (artifact id: 'ed904b94759da4ad76bad830c242051c') in 0.116289 seconds
  Import took 0.118309 seconds .

========================================================================
Received Import Request.
  Time since last request: 2.909568 seconds.
  path: Assets/Course Library/Props/Food/Food_Pizza_01.prefab
  artifactKey: Guid(06cdf427476835b42837c1ca7f8cdbd1) Importer(815301076,1909f56bfc062723c751e8b465ee728b)
Start importing Assets/Course Library/Props/Food/Food_Pizza_01.prefab using Guid(06cdf427476835b42837c1ca7f8cdbd1) Importer(815301076,1909f56bfc062723c751e8b465ee728b)  -> (artifact id: '9b282a3eb06861958671f21ee003eb0e') in 0.017351 seconds
  Import took 0.019413 seconds .

========================================================================
Received Import Request.
  Time since last request: 144.771988 seconds.
  path: Assets
  artifactKey: Guid(00000000000000001000000000000000) Importer(815301076,1909f56bfc062723c751e8b465ee728b)
Start importing Assets using Guid(00000000000000001000000000000000) Importer(815301076,1909f56bfc062723c751e8b465ee728b)  -> (artifact id: '42d402b061de3733987d63b9cc3b64de') in 0.006529 seconds
  Import took 0.010418 seconds .

========================================================================
Received Import Request.
  Time since last request: 0.000744 seconds.
  path: Assets
  artifactKey: Guid(00000000000000001000000000000000) Importer(815301076,1909f56bfc062723c751e8b465ee728b)
Start importing Assets using Guid(00000000000000001000000000000000) Importer(815301076,1909f56bfc062723c751e8b465ee728b)  -> (artifact id: '42d402b061de3733987d63b9cc3b64de') in 0.088546 seconds
  Import took 0.090942 seconds .

========================================================================
Received Import Request.
  Time since last request: 9.499819 seconds.
  path: Assets/Scripts
  artifactKey: Guid(901965db646b1134582dc952b181f916) Importer(815301076,1909f56bfc062723c751e8b465ee728b)
Start importing Assets/Scripts using Guid(901965db646b1134582dc952b181f916) Importer(815301076,1909f56bfc062723c751e8b465ee728b)  -> (artifact id: '7af04c01fffb9c95f3eeece8b8eba4a3') in 0.007456 seconds
  Import took 0.009936 seconds .

========================================================================
Received Import Request.
  Time since last request: 10.250524 seconds.
  path: Assets/Scripts/Target.cs
  artifactKey: Guid(e2a53307566667f43aa36f47662087fd) Importer(815301076,1909f56bfc062723c751e8b465ee728b)
Start importing Assets/Scripts/Target.cs using Guid(e2a53307566667f43aa36f47662087fd) Importer(815301076,1909f56bfc062723c751e8b465ee728b)  -> (artifact id: '7f18471bd5a3a35a3a423b36d8b9c74f') in 0.009871 seconds
  Import took 0.011924 seconds .

========================================================================
Received Prepare
Registering precompiled user dll's ...
Registered in 0.000737 seconds.
Begin MonoManager ReloadAssembly
Native extension for WindowsStandalone target not found
Refreshing native plugins compatible for Editor in 0.23 ms, found 0 plugins.
Preloading 0 native plugins for Editor in 0.00 ms.
Mono: successfully reloaded assembly
- Completed reload, in  0.876 seconds
Platform modules already initialized, skipping
Refreshing native plugins compatible for Editor in 0.24 ms, found 0 plugins.
Preloading 0 native plugins for Editor in 0.00 ms.
Unloading 1112 Unused Serialized files (Serialized files now loaded: 0)
System memory in use before: 60.3 MB.
System memory in use after: 60.4 MB.

Unloading 5 unused Assets to reduce memory usage. Loaded Objects now: 1571.
Total: 1.675500 ms (FindLiveObjects: 0.140300 ms CreateObjectMapping: 0.032000 ms MarkObjects: 1.444500 ms  DeleteObjects: 0.057700 ms)

========================================================================
Received Import Request.
  Time since last request: 53.549883 seconds.
  path: Assets/Prefabs
  artifactKey: Guid(a7efe8510bd02ba48aab809a919a61a6) Importer(815301076,1909f56bfc062723c751e8b465ee728b)
Start importing Assets/Prefabs using Guid(a7efe8510bd02ba48aab809a919a61a6) Importer(815301076,1909f56bfc062723c751e8b465ee728b)  -> (artifact id: '9e411a2b30bf87d66b206c8ddd289633') in 0.013552 seconds
  Import took 0.016162 seconds .

========================================================================
Received Import Request.
  Time since last request: 4.306349 seconds.
  path: Assets/Prefabs/bad 1.prefab
  artifactKey: Guid(038ac8801babf004588e0a7a6cd37fcf) Importer(815301076,1909f56bfc062723c751e8b465ee728b)
Start importing Assets/Prefabs/bad 1.prefab using Guid(038ac8801babf004588e0a7a6cd37fcf) Importer(815301076,1909f56bfc062723c751e8b465ee728b)  -> (artifact id: 'b64ee51240abb4d31269a7ea38df63ec') in 0.132384 seconds
  Import took 0.134557 seconds .

========================================================================
Received Import Request.
  Time since last request: 7.455836 seconds.
  path: Assets/Prefabs/good 1.prefab
  artifactKey: Guid(30c8a002e76cba24c9517f9404597e56) Importer(815301076,1909f56bfc062723c751e8b465ee728b)
Start importing Assets/Prefabs/good 1.prefab using Guid(30c8a002e76cba24c9517f9404597e56) Importer(815301076,1909f56bfc062723c751e8b465ee728b)  -> (artifact id: 'e3dde3b22851c1f90b0881e45fec5d34') in 0.021561 seconds
  Import took 0.023812 seconds .

========================================================================
Received Import Request.
  Time since last request: 2.995590 seconds.
  path: Assets/Prefabs/good 2.prefab
  artifactKey: Guid(5eda907611f154a458aea3c912bfc513) Importer(815301076,1909f56bfc062723c751e8b465ee728b)
Start importing Assets/Prefabs/good 2.prefab using Guid(5eda907611f154a458aea3c912bfc513) Importer(815301076,1909f56bfc062723c751e8b465ee728b)  -> (artifact id: 'eefdd687f87fbb495c855403d9f277c0') in 0.022735 seconds
  Import took 0.025200 seconds .

========================================================================
Received Import Request.
  Time since last request: 3.429117 seconds.
  path: Assets/Prefabs/good 3.prefab
  artifactKey: Guid(9822f11854cb73a49939c16c9ed0c9d9) Importer(815301076,1909f56bfc062723c751e8b465ee728b)
Start importing Assets/Prefabs/good 3.prefab using Guid(9822f11854cb73a49939c16c9ed0c9d9) Importer(815301076,1909f56bfc062723c751e8b465ee728b)  -> (artifact id: 'c723a37b89d48ee18c9eb1cfe709ee70') in 0.018841 seconds
  Import took 0.021369 seconds .

========================================================================
Received Prepare
Registering precompiled user dll's ...
Registered in 0.000734 seconds.
Begin MonoManager ReloadAssembly
Native extension for WindowsStandalone target not found
Refreshing native plugins compatible for Editor in 0.24 ms, found 0 plugins.
Preloading 0 native plugins for Editor in 0.00 ms.
Mono: successfully reloaded assembly
- Completed reload, in  0.917 seconds
Platform modules already initialized, skipping
Refreshing native plugins compatible for Editor in 0.24 ms, found 0 plugins.
Preloading 0 native plugins for Editor in 0.00 ms.
Unloading 1112 Unused Serialized files (Serialized files now loaded: 0)
System memory in use before: 60.4 MB.
System memory in use after: 60.4 MB.

Unloading 5 unused Assets to reduce memory usage. Loaded Objects now: 1575.
Total: 2.301800 ms (FindLiveObjects: 0.145500 ms CreateObjectMapping: 0.031000 ms MarkObjects: 2.057400 ms  DeleteObjects: 0.066500 ms)

========================================================================
Received Prepare
Registering precompiled user dll's ...
Registered in 0.000819 seconds.
Begin MonoManager ReloadAssembly
Native extension for WindowsStandalone target not found
Refreshing native plugins compatible for Editor in 0.24 ms, found 0 plugins.
Preloading 0 native plugins for Editor in 0.00 ms.
Mono: successfully reloaded assembly
- Completed reload, in  0.907 seconds
Platform modules already initialized, skipping
Refreshing native plugins compatible for Editor in 0.29 ms, found 0 plugins.
Preloading 0 native plugins for Editor in 0.00 ms.
Unloading 1112 Unused Serialized files (Serialized files now loaded: 0)
System memory in use before: 60.4 MB.
System memory in use after: 60.5 MB.

Unloading 5 unused Assets to reduce memory usage. Loaded Objects now: 1578.
Total: 1.813000 ms (FindLiveObjects: 0.161300 ms CreateObjectMapping: 0.030800 ms MarkObjects: 1.555500 ms  DeleteObjects: 0.064200 ms)

========================================================================
Received Prepare
Registering precompiled user dll's ...
Registered in 0.000724 seconds.
Begin MonoManager ReloadAssembly
Native extension for WindowsStandalone target not found
Refreshing native plugins compatible for Editor in 0.23 ms, found 0 plugins.
Preloading 0 native plugins for Editor in 0.00 ms.
Mono: successfully reloaded assembly
- Completed reload, in  0.800 seconds
Platform modules already initialized, skipping
Refreshing native plugins compatible for Editor in 0.23 ms, found 0 plugins.
Preloading 0 native plugins for Editor in 0.00 ms.
Unloading 1112 Unused Serialized files (Serialized files now loaded: 0)
System memory in use before: 60.4 MB.
System memory in use after: 60.5 MB.

Unloading 5 unused Assets to reduce memory usage. Loaded Objects now: 1581.
Total: 1.684200 ms (FindLiveObjects: 0.161000 ms CreateObjectMapping: 0.033400 ms MarkObjects: 1.430900 ms  DeleteObjects: 0.057800 ms)

========================================================================
Received Prepare
Registering precompiled user dll's ...
Registered in 0.001005 seconds.
Begin MonoManager ReloadAssembly
Native extension for WindowsStandalone target not found
Refreshing native plugins compatible for Editor in 0.23 ms, found 0 plugins.
Preloading 0 native plugins for Editor in 0.00 ms.
Mono: successfully reloaded assembly
- Completed reload, in  0.813 seconds
Platform modules already initialized, skipping
Refreshing native plugins compatible for Editor in 0.23 ms, found 0 plugins.
Preloading 0 native plugins for Editor in 0.00 ms.
Unloading 1112 Unused Serialized files (Serialized files now loaded: 0)
System memory in use before: 60.4 MB.
System memory in use after: 60.5 MB.

Unloading 5 unused Assets to reduce memory usage. Loaded Objects now: 1584.
Total: 1.777000 ms (FindLiveObjects: 0.166500 ms CreateObjectMapping: 0.036600 ms MarkObjects: 1.511000 ms  DeleteObjects: 0.061500 ms)

========================================================================
Received Import Request.
  Time since last request: 1135.502765 seconds.
  path: Assets/Scripts/GameManager.cs
  artifactKey: Guid(2b162ae6a2cc2de47b688c324d193589) Importer(815301076,1909f56bfc062723c751e8b465ee728b)
Start importing Assets/Scripts/GameManager.cs using Guid(2b162ae6a2cc2de47b688c324d193589) Importer(815301076,1909f56bfc062723c751e8b465ee728b)  -> (artifact id: '5f6690889c3e4c5192003a73e7929d70') in 0.044283 seconds
  Import took 0.046261 seconds .

========================================================================
Received Prepare
Registering precompiled user dll's ...
Registered in 0.000705 seconds.
Begin MonoManager ReloadAssembly
Native extension for WindowsStandalone target not found
Refreshing native plugins compatible for Editor in 0.23 ms, found 0 plugins.
Preloading 0 native plugins for Editor in 0.00 ms.
Mono: successfully reloaded assembly
- Completed reload, in  0.843 seconds
Platform modules already initialized, skipping
Refreshing native plugins compatible for Editor in 0.23 ms, found 0 plugins.
Preloading 0 native plugins for Editor in 0.00 ms.
Unloading 1113 Unused Serialized files (Serialized files now loaded: 0)
System memory in use before: 60.4 MB.
System memory in use after: 60.5 MB.

Unloading 5 unused Assets to reduce memory usage. Loaded Objects now: 1588.
Total: 1.813400 ms (FindLiveObjects: 0.147800 ms CreateObjectMapping: 0.031700 ms MarkObjects: 1.573000 ms  DeleteObjects: 0.059700 ms)

========================================================================
Received Prepare
Registering precompiled user dll's ...
Registered in 0.001166 seconds.
Begin MonoManager ReloadAssembly
Native extension for WindowsStandalone target not found
Refreshing native plugins compatible for Editor in 0.29 ms, found 0 plugins.
Preloading 0 native plugins for Editor in 0.00 ms.
Mono: successfully reloaded assembly
- Completed reload, in  0.879 seconds
Platform modules already initialized, skipping
Refreshing native plugins compatible for Editor in 0.25 ms, found 0 plugins.
Preloading 0 native plugins for Editor in 0.00 ms.
Unloading 1113 Unused Serialized files (Serialized files now loaded: 0)
System memory in use before: 60.4 MB.
System memory in use after: 60.5 MB.

Unloading 5 unused Assets to reduce memory usage. Loaded Objects now: 1591.
Total: 1.743400 ms (FindLiveObjects: 0.157500 ms CreateObjectMapping: 0.040800 ms MarkObjects: 1.475800 ms  DeleteObjects: 0.068300 ms)

========================================================================
Received Import Request.
  Time since last request: 146.264526 seconds.
  path: Assets/Scripts/GameManager.cs
  artifactKey: Guid(2b162ae6a2cc2de47b688c324d193589) Importer(815301076,1909f56bfc062723c751e8b465ee728b)
Start importing Assets/Scripts/GameManager.cs using Guid(2b162ae6a2cc2de47b688c324d193589) Importer(815301076,1909f56bfc062723c751e8b465ee728b)  -> (artifact id: '5f6cfc2c3356b46e79078ffde43b037c') in 0.006461 seconds
  Import took 0.009145 seconds .

========================================================================
Received Prepare
Registering precompiled user dll's ...
Registered in 0.000727 seconds.
Begin MonoManager ReloadAssembly
Native extension for WindowsStandalone target not found
Refreshing native plugins compatible for Editor in 0.24 ms, found 0 plugins.
Preloading 0 native plugins for Editor in 0.00 ms.
Mono: successfully reloaded assembly
- Completed reload, in  0.856 seconds
Platform modules already initialized, skipping
Refreshing native plugins compatible for Editor in 0.24 ms, found 0 plugins.
Preloading 0 native plugins for Editor in 0.00 ms.
Unloading 1113 Unused Serialized files (Serialized files now loaded: 0)
System memory in use before: 60.4 MB.
System memory in use after: 60.5 MB.

Unloading 5 unused Assets to reduce memory usage. Loaded Objects now: 1594.
Total: 1.997700 ms (FindLiveObjects: 0.143600 ms CreateObjectMapping: 0.032000 ms MarkObjects: 1.759400 ms  DeleteObjects: 0.061500 ms)

========================================================================
Received Prepare
Registering precompiled user dll's ...
Registered in 0.000747 seconds.
Begin MonoManager ReloadAssembly
Native extension for WindowsStandalone target not found
Refreshing native plugins compatible for Editor in 0.64 ms, found 0 plugins.
Preloading 0 native plugins for Editor in 0.00 ms.
Mono: successfully reloaded assembly
- Completed reload, in  0.867 seconds
Platform modules already initialized, skipping
Refreshing native plugins compatible for Editor in 0.23 ms, found 0 plugins.
Preloading 0 native plugins for Editor in 0.00 ms.
Unloading 1113 Unused Serialized files (Serialized files now loaded: 0)
System memory in use before: 60.5 MB.
System memory in use after: 60.5 MB.

Unloading 5 unused Assets to reduce memory usage. Loaded Objects now: 1597.
Total: 2.355800 ms (FindLiveObjects: 0.355500 ms CreateObjectMapping: 0.037700 ms MarkObjects: 1.895600 ms  DeleteObjects: 0.065500 ms)

========================================================================
Received Prepare
Registering precompiled user dll's ...
Registered in 0.000719 seconds.
Begin MonoManager ReloadAssembly
Native extension for WindowsStandalone target not found
Refreshing native plugins compatible for Editor in 0.31 ms, found 0 plugins.
Preloading 0 native plugins for Editor in 0.00 ms.
Mono: successfully reloaded assembly
- Completed reload, in  0.879 seconds
Platform modules already initialized, skipping
Refreshing native plugins compatible for Editor in 0.26 ms, found 0 plugins.
Preloading 0 native plugins for Editor in 0.00 ms.
Unloading 1113 Unused Serialized files (Serialized files now loaded: 0)
System memory in use before: 60.5 MB.
System memory in use after: 60.5 MB.

Unloading 5 unused Assets to reduce memory usage. Loaded Objects now: 1600.
Total: 1.668800 ms (FindLiveObjects: 0.148200 ms CreateObjectMapping: 0.039100 ms MarkObjects: 1.424700 ms  DeleteObjects: 0.055800 ms)

========================================================================
Received Prepare
Registering precompiled user dll's ...
Registered in 0.000791 seconds.
Begin MonoManager ReloadAssembly
Native extension for WindowsStandalone target not found
Refreshing native plugins compatible for Editor in 0.23 ms, found 0 plugins.
Preloading 0 native plugins for Editor in 0.00 ms.
Mono: successfully reloaded assembly
- Completed reload, in  0.859 seconds
Platform modules already initialized, skipping
Refreshing native plugins compatible for Editor in 0.23 ms, found 0 plugins.
Preloading 0 native plugins for Editor in 0.00 ms.
Unloading 1113 Unused Serialized files (Serialized files now loaded: 0)
System memory in use before: 60.5 MB.
System memory in use after: 60.5 MB.

Unloading 5 unused Assets to reduce memory usage. Loaded Objects now: 1603.
Total: 1.702000 ms (FindLiveObjects: 0.145200 ms CreateObjectMapping: 0.032400 ms MarkObjects: 1.464300 ms  DeleteObjects: 0.059100 ms)

========================================================================
Received Prepare
Registering precompiled user dll's ...
Registered in 0.001527 seconds.
Begin MonoManager ReloadAssembly
Native extension for WindowsStandalone target not found
Refreshing native plugins compatible for Editor in 0.24 ms, found 0 plugins.
Preloading 0 native plugins for Editor in 0.00 ms.
Mono: successfully reloaded assembly
- Completed reload, in  0.879 seconds
Platform modules already initialized, skipping
Refreshing native plugins compatible for Editor in 0.23 ms, found 0 plugins.
Preloading 0 native plugins for Editor in 0.00 ms.
Unloading 1113 Unused Serialized files (Serialized files now loaded: 0)
System memory in use before: 60.5 MB.
System memory in use after: 60.5 MB.

Unloading 5 unused Assets to reduce memory usage. Loaded Objects now: 1606.
Total: 2.734900 ms (FindLiveObjects: 0.367300 ms CreateObjectMapping: 0.067500 ms MarkObjects: 2.220200 ms  DeleteObjects: 0.077400 ms)

========================================================================
Received Prepare
Registering precompiled user dll's ...
Registered in 0.000746 seconds.
Begin MonoManager ReloadAssembly
Native extension for WindowsStandalone target not found
Refreshing native plugins compatible for Editor in 0.23 ms, found 0 plugins.
Preloading 0 native plugins for Editor in 0.00 ms.
Mono: successfully reloaded assembly
- Completed reload, in  0.804 seconds
Platform modules already initialized, skipping
Refreshing native plugins compatible for Editor in 0.23 ms, found 0 plugins.
Preloading 0 native plugins for Editor in 0.00 ms.
Unloading 1113 Unused Serialized files (Serialized files now loaded: 0)
System memory in use before: 60.5 MB.
System memory in use after: 60.5 MB.

Unloading 5 unused Assets to reduce memory usage. Loaded Objects now: 1609.
Total: 1.743100 ms (FindLiveObjects: 0.162200 ms CreateObjectMapping: 0.031200 ms MarkObjects: 1.489300 ms  DeleteObjects: 0.059200 ms)

========================================================================
Received Prepare
Registering precompiled user dll's ...
Registered in 0.000774 seconds.
Begin MonoManager ReloadAssembly
Native extension for WindowsStandalone target not found
Refreshing native plugins compatible for Editor in 0.25 ms, found 0 plugins.
Preloading 0 native plugins for Editor in 0.00 ms.
Mono: successfully reloaded assembly
- Completed reload, in  0.855 seconds
Platform modules already initialized, skipping
Refreshing native plugins compatible for Editor in 0.24 ms, found 0 plugins.
Preloading 0 native plugins for Editor in 0.00 ms.
Unloading 1126 Unused Serialized files (Serialized files now loaded: 0)
System memory in use before: 62.5 MB.
System memory in use after: 61.9 MB.

Unloading 18 unused Assets to reduce memory usage. Loaded Objects now: 1612.
Total: 2.913500 ms (FindLiveObjects: 0.139500 ms CreateObjectMapping: 0.032400 ms MarkObjects: 2.394500 ms  DeleteObjects: 0.345700 ms)

========================================================================
Received Prepare
Registering precompiled user dll's ...
Registered in 0.000726 seconds.
Begin MonoManager ReloadAssembly
Native extension for WindowsStandalone target not found
Refreshing native plugins compatible for Editor in 0.51 ms, found 0 plugins.
Preloading 0 native plugins for Editor in 0.00 ms.
Mono: successfully reloaded assembly
- Completed reload, in  0.841 seconds
Platform modules already initialized, skipping
Refreshing native plugins compatible for Editor in 0.23 ms, found 0 plugins.
Preloading 0 native plugins for Editor in 0.00 ms.
Unloading 1126 Unused Serialized files (Serialized files now loaded: 0)
System memory in use before: 62.5 MB.
System memory in use after: 61.9 MB.

Unloading 18 unused Assets to reduce memory usage. Loaded Objects now: 1615.
Total: 2.016900 ms (FindLiveObjects: 0.171000 ms CreateObjectMapping: 0.032700 ms MarkObjects: 1.450700 ms  DeleteObjects: 0.361200 ms)

========================================================================
Received Prepare
Registering precompiled user dll's ...
Registered in 0.001009 seconds.
Begin MonoManager ReloadAssembly
Native extension for WindowsStandalone target not found
Refreshing native plugins compatible for Editor in 0.28 ms, found 0 plugins.
Preloading 0 native plugins for Editor in 0.00 ms.
Mono: successfully reloaded assembly
- Completed reload, in  0.862 seconds
Platform modules already initialized, skipping
Refreshing native plugins compatible for Editor in 0.24 ms, found 0 plugins.
Preloading 0 native plugins for Editor in 0.00 ms.
Unloading 1126 Unused Serialized files (Serialized files now loaded: 0)
System memory in use before: 62.5 MB.
System memory in use after: 61.9 MB.

Unloading 18 unused Assets to reduce memory usage. Loaded Objects now: 1618.
Total: 2.220200 ms (FindLiveObjects: 0.140200 ms CreateObjectMapping: 0.031900 ms MarkObjects: 1.684100 ms  DeleteObjects: 0.362800 ms)

========================================================================
Received Prepare
Registering precompiled user dll's ...
Registered in 0.001000 seconds.
Begin MonoManager ReloadAssembly
Native extension for WindowsStandalone target not found
Refreshing native plugins compatible for Editor in 0.25 ms, found 0 plugins.
Preloading 0 native plugins for Editor in 0.00 ms.
Mono: successfully reloaded assembly
- Completed reload, in  0.924 seconds
Platform modules already initialized, skipping
Refreshing native plugins compatible for Editor in 0.25 ms, found 0 plugins.
Preloading 0 native plugins for Editor in 0.00 ms.
Unloading 1126 Unused Serialized files (Serialized files now loaded: 0)
System memory in use before: 62.5 MB.
System memory in use after: 61.9 MB.

Unloading 18 unused Assets to reduce memory usage. Loaded Objects now: 1621.
Total: 3.335400 ms (FindLiveObjects: 0.154300 ms CreateObjectMapping: 0.032300 ms MarkObjects: 2.766000 ms  DeleteObjects: 0.381400 ms)

========================================================================
Received Prepare
Registering precompiled user dll's ...
Registered in 0.000755 seconds.
Begin MonoManager ReloadAssembly
Native extension for WindowsStandalone target not found
Refreshing native plugins compatible for Editor in 0.24 ms, found 0 plugins.
Preloading 0 native plugins for Editor in 0.00 ms.
Mono: successfully reloaded assembly
- Completed reload, in  0.960 seconds
Platform modules already initialized, skipping
Refreshing native plugins compatible for Editor in 0.25 ms, found 0 plugins.
Preloading 0 native plugins for Editor in 0.00 ms.
Unloading 1126 Unused Serialized files (Serialized files now loaded: 0)
System memory in use before: 62.5 MB.
System memory in use after: 61.9 MB.

Unloading 18 unused Assets to reduce memory usage. Loaded Objects now: 1624.
Total: 2.197500 ms (FindLiveObjects: 0.150100 ms CreateObjectMapping: 0.031800 ms MarkObjects: 1.647100 ms  DeleteObjects: 0.367200 ms)

========================================================================
Received Import Request.
  Time since last request: 1694.404080 seconds.
  path: Assets/TextMesh Pro/Documentation
  artifactKey: Guid(8e7e8f5a82a3a134e91c54efd2274ea9) Importer(815301076,1909f56bfc062723c751e8b465ee728b)
Start importing Assets/TextMesh Pro/Documentation using Guid(8e7e8f5a82a3a134e91c54efd2274ea9) Importer(815301076,1909f56bfc062723c751e8b465ee728b)  -> (artifact id: '7f5aa99e36510f23d626084d8be9669f') in 0.011522 seconds
  Import took 0.013843 seconds .

========================================================================
Received Prepare
Registering precompiled user dll's ...
Registered in 0.000763 seconds.
Begin MonoManager ReloadAssembly
Native extension for WindowsStandalone target not found
Refreshing native plugins compatible for Editor in 0.24 ms, found 0 plugins.
Preloading 0 native plugins for Editor in 0.00 ms.
Mono: successfully reloaded assembly
- Completed reload, in  0.872 seconds
Platform modules already initialized, skipping
Refreshing native plugins compatible for Editor in 0.23 ms, found 0 plugins.
Preloading 0 native plugins for Editor in 0.00 ms.
Unloading 1126 Unused Serialized files (Serialized files now loaded: 0)
System memory in use before: 62.5 MB.
System memory in use after: 61.9 MB.

Unloading 18 unused Assets to reduce memory usage. Loaded Objects now: 1627.
Total: 2.218700 ms (FindLiveObjects: 0.148100 ms CreateObjectMapping: 0.031700 ms MarkObjects: 1.576800 ms  DeleteObjects: 0.460600 ms)

========================================================================
Received Prepare
Registering precompiled user dll's ...
Registered in 0.000761 seconds.
Begin MonoManager ReloadAssembly
Native extension for WindowsStandalone target not found
Refreshing native plugins compatible for Editor in 0.24 ms, found 0 plugins.
Preloading 0 native plugins for Editor in 0.00 ms.
Mono: successfully reloaded assembly
- Completed reload, in  0.891 seconds
Platform modules already initialized, skipping
Refreshing native plugins compatible for Editor in 0.25 ms, found 0 plugins.
Preloading 0 native plugins for Editor in 0.00 ms.
Unloading 1126 Unused Serialized files (Serialized files now loaded: 0)
System memory in use before: 62.5 MB.
System memory in use after: 61.9 MB.

Unloading 18 unused Assets to reduce memory usage. Loaded Objects now: 1630.
Total: 3.755100 ms (FindLiveObjects: 0.551900 ms CreateObjectMapping: 0.162100 ms MarkObjects: 1.766000 ms  DeleteObjects: 0.447500 ms)

========================================================================
Received Prepare
Registering precompiled user dll's ...
Registered in 0.008710 seconds.
Begin MonoManager ReloadAssembly
Native extension for WindowsStandalone target not found
Refreshing native plugins compatible for Editor in 0.25 ms, found 0 plugins.
Preloading 0 native plugins for Editor in 0.00 ms.
Mono: successfully reloaded assembly
- Completed reload, in  0.894 seconds
Platform modules already initialized, skipping
Refreshing native plugins compatible for Editor in 0.24 ms, found 0 plugins.
Preloading 0 native plugins for Editor in 0.00 ms.
Unloading 1126 Unused Serialized files (Serialized files now loaded: 0)
System memory in use before: 62.5 MB.
System memory in use after: 61.9 MB.

Unloading 18 unused Assets to reduce memory usage. Loaded Objects now: 1633.
Total: 2.047400 ms (FindLiveObjects: 0.145500 ms CreateObjectMapping: 0.032200 ms MarkObjects: 1.493500 ms  DeleteObjects: 0.374900 ms)

========================================================================
Received Import Request.
  Time since last request: 316.005338 seconds.
  path: Assets/Prefabs/bad 1.prefab
  artifactKey: Guid(038ac8801babf004588e0a7a6cd37fcf) Importer(815301076,1909f56bfc062723c751e8b465ee728b)
Start importing Assets/Prefabs/bad 1.prefab using Guid(038ac8801babf004588e0a7a6cd37fcf) Importer(815301076,1909f56bfc062723c751e8b465ee728b)  -> (artifact id: '028b22c737c75f21af01c30d40ae484f') in 0.092993 seconds
  Import took 0.191608 seconds .

========================================================================
Received Import Request.
  Time since last request: 0.000334 seconds.
  path: Assets/Prefabs/good 1.prefab
  artifactKey: Guid(30c8a002e76cba24c9517f9404597e56) Importer(815301076,1909f56bfc062723c751e8b465ee728b)
Start importing Assets/Prefabs/good 1.prefab using Guid(30c8a002e76cba24c9517f9404597e56) Importer(815301076,1909f56bfc062723c751e8b465ee728b)  -> (artifact id: '8533002c03ec671244b7cef66ad6ce92') in 0.016389 seconds
  Import took 0.019207 seconds .

========================================================================
Received Import Request.
  Time since last request: 11.725613 seconds.
  path: Assets/Prefabs/good 2.prefab
  artifactKey: Guid(5eda907611f154a458aea3c912bfc513) Importer(815301076,1909f56bfc062723c751e8b465ee728b)
Start importing Assets/Prefabs/good 2.prefab using Guid(5eda907611f154a458aea3c912bfc513) Importer(815301076,1909f56bfc062723c751e8b465ee728b)  -> (artifact id: 'e21ecfa585e4d87864f1c87533d9bfa5') in 0.018348 seconds
  Import took 0.021069 seconds .

========================================================================
Received Import Request.
  Time since last request: 5.654776 seconds.
  path: Assets/Prefabs/good 3.prefab
  artifactKey: Guid(9822f11854cb73a49939c16c9ed0c9d9) Importer(815301076,1909f56bfc062723c751e8b465ee728b)
Start importing Assets/Prefabs/good 3.prefab using Guid(9822f11854cb73a49939c16c9ed0c9d9) Importer(815301076,1909f56bfc062723c751e8b465ee728b)  -> (artifact id: 'be6e289df134e4ac7b80955af5df5aa0') in 0.020834 seconds
  Import took 0.039065 seconds .

========================================================================
Received Import Request.
  Time since last request: 17.617494 seconds.
  path: Assets/Prefabs/bad 1.prefab
  artifactKey: Guid(038ac8801babf004588e0a7a6cd37fcf) Importer(815301076,1909f56bfc062723c751e8b465ee728b)
Start importing Assets/Prefabs/bad 1.prefab using Guid(038ac8801babf004588e0a7a6cd37fcf) Importer(815301076,1909f56bfc062723c751e8b465ee728b)  -> (artifact id: 'eb99dbdbbe05d924329b5cc076d3d73e') in 0.023800 seconds
  Import took 0.120089 seconds .

========================================================================
Received Import Request.
  Time since last request: 2.256272 seconds.
  path: Assets/Prefabs/good 1.prefab
  artifactKey: Guid(30c8a002e76cba24c9517f9404597e56) Importer(815301076,1909f56bfc062723c751e8b465ee728b)
Start importing Assets/Prefabs/good 1.prefab using Guid(30c8a002e76cba24c9517f9404597e56) Importer(815301076,1909f56bfc062723c751e8b465ee728b)  -> (artifact id: 'cf2007e75fd6732e50d7a4d5a23b86d6') in 0.013508 seconds
  Import took 0.016199 seconds .

========================================================================
Received Import Request.
  Time since last request: 5.771646 seconds.
  path: Assets/Prefabs/good 2.prefab
  artifactKey: Guid(5eda907611f154a458aea3c912bfc513) Importer(815301076,1909f56bfc062723c751e8b465ee728b)
Start importing Assets/Prefabs/good 2.prefab using Guid(5eda907611f154a458aea3c912bfc513) Importer(815301076,1909f56bfc062723c751e8b465ee728b)  -> (artifact id: 'a11bc1670d488a94708895b9b99f0a37') in 0.014411 seconds
  Import took 0.016710 seconds .

========================================================================
Received Import Request.
  Time since last request: 3.614406 seconds.
  path: Assets/Prefabs/good 3.prefab
  artifactKey: Guid(9822f11854cb73a49939c16c9ed0c9d9) Importer(815301076,1909f56bfc062723c751e8b465ee728b)
Start importing Assets/Prefabs/good 3.prefab using Guid(9822f11854cb73a49939c16c9ed0c9d9) Importer(815301076,1909f56bfc062723c751e8b465ee728b)  -> (artifact id: '841a0ee623e081915312396744ebb0b2') in 0.013323 seconds
  Import took 0.015731 seconds .

========================================================================
Received Prepare
Registering precompiled user dll's ...
Registered in 0.001026 seconds.
Begin MonoManager ReloadAssembly
Native extension for WindowsStandalone target not found
Refreshing native plugins compatible for Editor in 0.28 ms, found 0 plugins.
Preloading 0 native plugins for Editor in 0.00 ms.
Mono: successfully reloaded assembly
- Completed reload, in  1.138 seconds
Platform modules already initialized, skipping
Refreshing native plugins compatible for Editor in 0.31 ms, found 0 plugins.
Preloading 0 native plugins for Editor in 0.00 ms.
Unloading 1126 Unused Serialized files (Serialized files now loaded: 0)
System memory in use before: 62.5 MB.
System memory in use after: 61.9 MB.

Unloading 18 unused Assets to reduce memory usage. Loaded Objects now: 1637.
Total: 2.522300 ms (FindLiveObjects: 0.172800 ms CreateObjectMapping: 0.032300 ms MarkObjects: 1.873000 ms  DeleteObjects: 0.442600 ms)

========================================================================
Received Prepare
Registering precompiled user dll's ...
Registered in 0.000742 seconds.
Begin MonoManager ReloadAssembly
Native extension for WindowsStandalone target not found
Refreshing native plugins compatible for Editor in 0.24 ms, found 0 plugins.
Preloading 0 native plugins for Editor in 0.00 ms.
Mono: successfully reloaded assembly
- Completed reload, in  0.881 seconds
Platform modules already initialized, skipping
Refreshing native plugins compatible for Editor in 0.25 ms, found 0 plugins.
Preloading 0 native plugins for Editor in 0.00 ms.
Unloading 1126 Unused Serialized files (Serialized files now loaded: 0)
System memory in use before: 62.5 MB.
System memory in use after: 61.9 MB.

Unloading 18 unused Assets to reduce memory usage. Loaded Objects now: 1640.
Total: 2.959100 ms (FindLiveObjects: 0.199800 ms CreateObjectMapping: 0.061800 ms MarkObjects: 2.264200 ms  DeleteObjects: 0.431800 ms)

========================================================================
Received Prepare
Registering precompiled user dll's ...
Registered in 0.000810 seconds.
Begin MonoManager ReloadAssembly
Native extension for WindowsStandalone target not found
Refreshing native plugins compatible for Editor in 0.26 ms, found 0 plugins.
Preloading 0 native plugins for Editor in 0.00 ms.
Mono: successfully reloaded assembly
- Completed reload, in  1.013 seconds
Platform modules already initialized, skipping
Refreshing native plugins compatible for Editor in 0.27 ms, found 0 plugins.
Preloading 0 native plugins for Editor in 0.00 ms.
Unloading 1126 Unused Serialized files (Serialized files now loaded: 0)
System memory in use before: 62.5 MB.
System memory in use after: 62.0 MB.

Unloading 18 unused Assets to reduce memory usage. Loaded Objects now: 1643.
Total: 2.442400 ms (FindLiveObjects: 0.171000 ms CreateObjectMapping: 0.034900 ms MarkObjects: 1.811400 ms  DeleteObjects: 0.423300 ms)

========================================================================
Received Prepare
Registering precompiled user dll's ...
Registered in 0.001197 seconds.
Begin MonoManager ReloadAssembly
Native extension for WindowsStandalone target not found
Refreshing native plugins compatible for Editor in 0.28 ms, found 0 plugins.
Preloading 0 native plugins for Editor in 0.00 ms.
Mono: successfully reloaded assembly
- Completed reload, in  0.948 seconds
Platform modules already initialized, skipping
Refreshing native plugins compatible for Editor in 0.24 ms, found 0 plugins.
Preloading 0 native plugins for Editor in 0.00 ms.
Unloading 1126 Unused Serialized files (Serialized files now loaded: 0)
System memory in use before: 62.5 MB.
System memory in use after: 62.0 MB.

Unloading 18 unused Assets to reduce memory usage. Loaded Objects now: 1646.
Total: 1.964600 ms (FindLiveObjects: 0.146600 ms CreateObjectMapping: 0.032800 ms MarkObjects: 1.426100 ms  DeleteObjects: 0.358100 ms)

========================================================================
Received Prepare
Registering precompiled user dll's ...
Registered in 0.000932 seconds.
Begin MonoManager ReloadAssembly
Native extension for WindowsStandalone target not found
Refreshing native plugins compatible for Editor in 0.24 ms, found 0 plugins.
Preloading 0 native plugins for Editor in 0.00 ms.
Mono: successfully reloaded assembly
- Completed reload, in  0.805 seconds
Platform modules already initialized, skipping
Refreshing native plugins compatible for Editor in 0.23 ms, found 0 plugins.
Preloading 0 native plugins for Editor in 0.00 ms.
Unloading 1126 Unused Serialized files (Serialized files now loaded: 0)
System memory in use before: 62.5 MB.
System memory in use after: 62.0 MB.

Unloading 18 unused Assets to reduce memory usage. Loaded Objects now: 1649.
Total: 2.140700 ms (FindLiveObjects: 0.148800 ms CreateObjectMapping: 0.032500 ms MarkObjects: 1.585800 ms  DeleteObjects: 0.372700 ms)

========================================================================
Received Prepare
Registering precompiled user dll's ...
Registered in 0.000904 seconds.
Begin MonoManager ReloadAssembly
Native extension for WindowsStandalone target not found
Refreshing native plugins compatible for Editor in 0.24 ms, found 0 plugins.
Preloading 0 native plugins for Editor in 0.00 ms.
Mono: successfully reloaded assembly
- Completed reload, in  0.895 seconds
Platform modules already initialized, skipping
Refreshing native plugins compatible for Editor in 0.24 ms, found 0 plugins.
Preloading 0 native plugins for Editor in 0.00 ms.
Unloading 1126 Unused Serialized files (Serialized files now loaded: 0)
System memory in use before: 62.5 MB.
System memory in use after: 62.0 MB.

Unloading 18 unused Assets to reduce memory usage. Loaded Objects now: 1652.
Total: 4.189600 ms (FindLiveObjects: 0.183900 ms CreateObjectMapping: 0.032500 ms MarkObjects: 2.968400 ms  DeleteObjects: 1.003600 ms)

========================================================================
Received Import Request.
  Time since last request: 744.711839 seconds.
  path: Assets/Scripts/Target.cs
  artifactKey: Guid(e2a53307566667f43aa36f47662087fd) Importer(815301076,1909f56bfc062723c751e8b465ee728b)
Start importing Assets/Scripts/Target.cs using Guid(e2a53307566667f43aa36f47662087fd) Importer(815301076,1909f56bfc062723c751e8b465ee728b)  -> (artifact id: 'a89e605850c87c7e04a2cf20de74e400') in 0.021001 seconds
  Import took 0.023110 seconds .

========================================================================
Received Import Request.
  Time since last request: 0.024307 seconds.
  path: Assets/Scripts/Target.cs
  artifactKey: Guid(e2a53307566667f43aa36f47662087fd) Importer(815301076,1909f56bfc062723c751e8b465ee728b)
Start importing Assets/Scripts/Target.cs using Guid(e2a53307566667f43aa36f47662087fd) Importer(815301076,1909f56bfc062723c751e8b465ee728b)  -> (artifact id: 'a89e605850c87c7e04a2cf20de74e400') in 0.005098 seconds
  Import took 0.008139 seconds .

========================================================================
Received Import Request.
  Time since last request: 5.196739 seconds.
  path: Assets/Prefabs/bad 1.prefab
  artifactKey: Guid(038ac8801babf004588e0a7a6cd37fcf) Importer(815301076,1909f56bfc062723c751e8b465ee728b)
Start importing Assets/Prefabs/bad 1.prefab using Guid(038ac8801babf004588e0a7a6cd37fcf) Importer(815301076,1909f56bfc062723c751e8b465ee728b)  -> (artifact id: '10978c0660211f4aa8da4594e2208b55') in 0.993120 seconds
  Import took 1.013669 seconds .

========================================================================
Received Import Request.
  Time since last request: 22.661064 seconds.
  path: Assets/Course Library/Particles
  artifactKey: Guid(49a467b080e0e47048b2b350dadd3d17) Importer(815301076,1909f56bfc062723c751e8b465ee728b)
Start importing Assets/Course Library/Particles using Guid(49a467b080e0e47048b2b350dadd3d17) Importer(815301076,1909f56bfc062723c751e8b465ee728b)  -> (artifact id: '1617854d8475a751dbd43be65541d5df') in 0.009418 seconds
  Import took 0.011385 seconds .

========================================================================
Received Import Request.
  Time since last request: 1.753024 seconds.
  path: Assets/Course Library/Particles/Explosion_Black.prefab
  artifactKey: Guid(c7ad2532a6eeb40b59033c75e71fa054) Importer(815301076,1909f56bfc062723c751e8b465ee728b)
Start importing Assets/Course Library/Particles/Explosion_Black.prefab using Guid(c7ad2532a6eeb40b59033c75e71fa054) Importer(815301076,1909f56bfc062723c751e8b465ee728b)  -> (artifact id: 'fbd4610d4c14782ef731deea2eb210b3') in 0.146661 seconds
  Import took 0.151886 seconds .

========================================================================
Received Import Request.
  Time since last request: 0.003376 seconds.
  path: Assets/Course Library/Particles/Explosion_Black.prefab
  artifactKey: Guid(c7ad2532a6eeb40b59033c75e71fa054) Importer(815301076,1909f56bfc062723c751e8b465ee728b)
Start importing Assets/Course Library/Particles/Explosion_Black.prefab using Guid(c7ad2532a6eeb40b59033c75e71fa054) Importer(815301076,1909f56bfc062723c751e8b465ee728b)  -> (artifact id: 'fbd4610d4c14782ef731deea2eb210b3') in 0.005888 seconds
  Import took 0.009152 seconds .

========================================================================
Received Import Request.
  Time since last request: 1.677983 seconds.
  path: Assets/Course Library/Particles/Explosion_Red.prefab
  artifactKey: Guid(745208c9d6e104225bd99e1ab894e3bb) Importer(815301076,1909f56bfc062723c751e8b465ee728b)
Start importing Assets/Course Library/Particles/Explosion_Red.prefab using Guid(745208c9d6e104225bd99e1ab894e3bb) Importer(815301076,1909f56bfc062723c751e8b465ee728b)  -> (artifact id: '18372bbc4c275cb952e2b43461094680') in 0.010135 seconds
  Import took 0.012266 seconds .

========================================================================
Received Import Request.
  Time since last request: 16.785520 seconds.
  path: Assets/Prefabs/bad 1.prefab
  artifactKey: Guid(038ac8801babf004588e0a7a6cd37fcf) Importer(815301076,1909f56bfc062723c751e8b465ee728b)
Start importing Assets/Prefabs/bad 1.prefab using Guid(038ac8801babf004588e0a7a6cd37fcf) Importer(815301076,1909f56bfc062723c751e8b465ee728b)  -> (artifact id: '92b8eea6e6a111c633a77b2fc750db28') in 0.031154 seconds
  Import took 0.033608 seconds .

========================================================================
Received Import Request.
  Time since last request: 1.327097 seconds.
  path: Assets/Prefabs/good 1.prefab
  artifactKey: Guid(30c8a002e76cba24c9517f9404597e56) Importer(815301076,1909f56bfc062723c751e8b465ee728b)
Start importing Assets/Prefabs/good 1.prefab using Guid(30c8a002e76cba24c9517f9404597e56) Importer(815301076,1909f56bfc062723c751e8b465ee728b)  -> (artifact id: 'bf5522ce7d4128d0483201e2b7e29ff7') in 0.086325 seconds
  Import took 0.089807 seconds .

========================================================================
Received Import Request.
  Time since last request: 4.729385 seconds.
  path: Assets/Course Library/Particles/Explosion_Orange.prefab
  artifactKey: Guid(ec46c8c4a3cbc429382ee48bd9169b45) Importer(815301076,1909f56bfc062723c751e8b465ee728b)
Start importing Assets/Course Library/Particles/Explosion_Orange.prefab using Guid(ec46c8c4a3cbc429382ee48bd9169b45) Importer(815301076,1909f56bfc062723c751e8b465ee728b)  -> (artifact id: '25f85196bb80dd79a5061b0d718a23cd') in 0.056072 seconds
  Import took 0.058148 seconds .

========================================================================
Received Import Request.
  Time since last request: 15.002924 seconds.
  path: Assets/Prefabs/good 1.prefab
  artifactKey: Guid(30c8a002e76cba24c9517f9404597e56) Importer(815301076,1909f56bfc062723c751e8b465ee728b)
Start importing Assets/Prefabs/good 1.prefab using Guid(30c8a002e76cba24c9517f9404597e56) Importer(815301076,1909f56bfc062723c751e8b465ee728b)  -> (artifact id: 'f92f35e04c616f5ab99918a2f5896247') in 0.016967 seconds
  Import took 0.019460 seconds .

========================================================================
Received Import Request.
  Time since last request: 4.933656 seconds.
  path: Assets/Prefabs/good 2.prefab
  artifactKey: Guid(5eda907611f154a458aea3c912bfc513) Importer(815301076,1909f56bfc062723c751e8b465ee728b)
Start importing Assets/Prefabs/good 2.prefab using Guid(5eda907611f154a458aea3c912bfc513) Importer(815301076,1909f56bfc062723c751e8b465ee728b)  -> (artifact id: '738669d96e29c6fd87378036e39ccac8') in 0.130020 seconds
  Import took 0.132333 seconds .

========================================================================
Received Import Request.
  Time since last request: 4.684928 seconds.
  path: Assets/Prefabs/good 2.prefab
  artifactKey: Guid(5eda907611f154a458aea3c912bfc513) Importer(815301076,1909f56bfc062723c751e8b465ee728b)
Start importing Assets/Prefabs/good 2.prefab using Guid(5eda907611f154a458aea3c912bfc513) Importer(815301076,1909f56bfc062723c751e8b465ee728b)  -> (artifact id: '2d9c4fb3c19d332dde2b28ccf28e83b0') in 0.018152 seconds
  Import took 0.020355 seconds .

========================================================================
Received Import Request.
  Time since last request: 0.913874 seconds.
  path: Assets/Prefabs/good 3.prefab
  artifactKey: Guid(9822f11854cb73a49939c16c9ed0c9d9) Importer(815301076,1909f56bfc062723c751e8b465ee728b)
Start importing Assets/Prefabs/good 3.prefab using Guid(9822f11854cb73a49939c16c9ed0c9d9) Importer(815301076,1909f56bfc062723c751e8b465ee728b)  -> (artifact id: 'fb02fedf94dc11480c86851f5d2ee055') in 0.115959 seconds
  Import took 0.118078 seconds .

========================================================================
Received Import Request.
  Time since last request: 2.967649 seconds.
  path: Assets/Prefabs/good 3.prefab
  artifactKey: Guid(9822f11854cb73a49939c16c9ed0c9d9) Importer(815301076,1909f56bfc062723c751e8b465ee728b)
Start importing Assets/Prefabs/good 3.prefab using Guid(9822f11854cb73a49939c16c9ed0c9d9) Importer(815301076,1909f56bfc062723c751e8b465ee728b)  -> (artifact id: 'aa0ad3e7ddcdb19927d8b5dd1997fac7') in 0.021676 seconds
  Import took 0.024195 seconds .

========================================================================
Received Prepare
Registering precompiled user dll's ...
Registered in 0.000782 seconds.
Begin MonoManager ReloadAssembly
Native extension for WindowsStandalone target not found
Refreshing native plugins compatible for Editor in 0.24 ms, found 0 plugins.
Preloading 0 native plugins for Editor in 0.00 ms.
Mono: successfully reloaded assembly
- Completed reload, in  0.901 seconds
Platform modules already initialized, skipping
Refreshing native plugins compatible for Editor in 0.26 ms, found 0 plugins.
Preloading 0 native plugins for Editor in 0.00 ms.
Unloading 1126 Unused Serialized files (Serialized files now loaded: 0)
System memory in use before: 62.5 MB.
System memory in use after: 62.0 MB.

Unloading 18 unused Assets to reduce memory usage. Loaded Objects now: 1657.
Total: 2.006600 ms (FindLiveObjects: 0.153200 ms CreateObjectMapping: 0.031500 ms MarkObjects: 1.458100 ms  DeleteObjects: 0.362800 ms)

========================================================================
Received Import Request.
  Time since last request: 38.253085 seconds.
  path: Assets/Prefabs/good 2.prefab
  artifactKey: Guid(5eda907611f154a458aea3c912bfc513) Importer(815301076,1909f56bfc062723c751e8b465ee728b)
Start importing Assets/Prefabs/good 2.prefab using Guid(5eda907611f154a458aea3c912bfc513) Importer(815301076,1909f56bfc062723c751e8b465ee728b)  -> (artifact id: 'e07aa8250d1c1a19354471016fe23edc') in 0.075403 seconds
  Import took 0.078231 seconds .

========================================================================
Received Import Request.
  Time since last request: 1.875511 seconds.
  path: Assets/Prefabs/good 2.prefab
  artifactKey: Guid(5eda907611f154a458aea3c912bfc513) Importer(815301076,1909f56bfc062723c751e8b465ee728b)
Start importing Assets/Prefabs/good 2.prefab using Guid(5eda907611f154a458aea3c912bfc513) Importer(815301076,1909f56bfc062723c751e8b465ee728b)  -> (artifact id: 'e07aa8250d1c1a19354471016fe23edc') in 0.014543 seconds
  Import took 0.016762 seconds .

========================================================================
Received Prepare
Registering precompiled user dll's ...
Registered in 0.000825 seconds.
Begin MonoManager ReloadAssembly
Native extension for WindowsStandalone target not found
Refreshing native plugins compatible for Editor in 0.25 ms, found 0 plugins.
Preloading 0 native plugins for Editor in 0.00 ms.
Mono: successfully reloaded assembly
- Completed reload, in  0.842 seconds
Platform modules already initialized, skipping
Refreshing native plugins compatible for Editor in 0.24 ms, found 0 plugins.
Preloading 0 native plugins for Editor in 0.00 ms.
Unloading 1126 Unused Serialized files (Serialized files now loaded: 0)
System memory in use before: 62.6 MB.
System memory in use after: 62.0 MB.

Unloading 18 unused Assets to reduce memory usage. Loaded Objects now: 1661.
Total: 2.318800 ms (FindLiveObjects: 0.139200 ms CreateObjectMapping: 0.031900 ms MarkObjects: 1.772800 ms  DeleteObjects: 0.373600 ms)

========================================================================
Received Prepare
Registering precompiled user dll's ...
Registered in 0.001941 seconds.
Begin MonoManager ReloadAssembly
Native extension for WindowsStandalone target not found
Refreshing native plugins compatible for Editor in 0.27 ms, found 0 plugins.
Preloading 0 native plugins for Editor in 0.00 ms.
Mono: successfully reloaded assembly
- Completed reload, in  0.876 seconds
Platform modules already initialized, skipping
Refreshing native plugins compatible for Editor in 0.23 ms, found 0 plugins.
Preloading 0 native plugins for Editor in 0.00 ms.
Unloading 1126 Unused Serialized files (Serialized files now loaded: 0)
System memory in use before: 62.6 MB.
System memory in use after: 62.0 MB.

Unloading 18 unused Assets to reduce memory usage. Loaded Objects now: 1664.
Total: 2.348600 ms (FindLiveObjects: 0.264600 ms CreateObjectMapping: 0.035400 ms MarkObjects: 1.656900 ms  DeleteObjects: 0.390200 ms)

========================================================================
Received Prepare
Registering precompiled user dll's ...
Registered in 0.000720 seconds.
Begin MonoManager ReloadAssembly
Native extension for WindowsStandalone target not found
Refreshing native plugins compatible for Editor in 0.26 ms, found 0 plugins.
Preloading 0 native plugins for Editor in 0.00 ms.
Mono: successfully reloaded assembly
- Completed reload, in  0.835 seconds
Platform modules already initialized, skipping
Refreshing native plugins compatible for Editor in 0.26 ms, found 0 plugins.
Preloading 0 native plugins for Editor in 0.00 ms.
Unloading 1126 Unused Serialized files (Serialized files now loaded: 0)
System memory in use before: 62.6 MB.
System memory in use after: 62.0 MB.

Unloading 18 unused Assets to reduce memory usage. Loaded Objects now: 1667.
Total: 2.161200 ms (FindLiveObjects: 0.177200 ms CreateObjectMapping: 0.032400 ms MarkObjects: 1.555400 ms  DeleteObjects: 0.395100 ms)

========================================================================
Received Import Request.
  Time since last request: 453.736792 seconds.
  path: Assets/TextMesh Pro
  artifactKey: Guid(f54d1bd14bd3ca042bd867b519fee8cc) Importer(815301076,1909f56bfc062723c751e8b465ee728b)
Start importing Assets/TextMesh Pro using Guid(f54d1bd14bd3ca042bd867b519fee8cc) Importer(815301076,1909f56bfc062723c751e8b465ee728b)  -> (artifact id: '16b4cbde9565bf190136f1148817e1ea') in 0.010409 seconds
  Import took 0.013274 seconds .

========================================================================
Received Prepare
Registering precompiled user dll's ...
Registered in 0.000853 seconds.
Begin MonoManager ReloadAssembly
Native extension for WindowsStandalone target not found
Refreshing native plugins compatible for Editor in 0.60 ms, found 0 plugins.
Preloading 0 native plugins for Editor in 0.00 ms.
Mono: successfully reloaded assembly
- Completed reload, in  1.129 seconds
Platform modules already initialized, skipping
Refreshing native plugins compatible for Editor in 0.29 ms, found 0 plugins.
Preloading 0 native plugins for Editor in 0.00 ms.
Unloading 1126 Unused Serialized files (Serialized files now loaded: 0)
System memory in use before: 62.6 MB.
System memory in use after: 62.0 MB.

Unloading 18 unused Assets to reduce memory usage. Loaded Objects now: 1670.
Total: 3.791400 ms (FindLiveObjects: 0.259600 ms CreateObjectMapping: 0.057000 ms MarkObjects: 2.172800 ms  DeleteObjects: 1.299700 ms)

========================================================================
Received Prepare
Registering precompiled user dll's ...
Registered in 0.000954 seconds.
Begin MonoManager ReloadAssembly
Native extension for WindowsStandalone target not found
Refreshing native plugins compatible for Editor in 0.24 ms, found 0 plugins.
Preloading 0 native plugins for Editor in 0.00 ms.
Mono: successfully reloaded assembly
- Completed reload, in  0.823 seconds
Platform modules already initialized, skipping
Refreshing native plugins compatible for Editor in 0.24 ms, found 0 plugins.
Preloading 0 native plugins for Editor in 0.00 ms.
Unloading 1126 Unused Serialized files (Serialized files now loaded: 0)
System memory in use before: 62.6 MB.
System memory in use after: 62.0 MB.

Unloading 18 unused Assets to reduce memory usage. Loaded Objects now: 1673.
Total: 2.277400 ms (FindLiveObjects: 0.152300 ms CreateObjectMapping: 0.032800 ms MarkObjects: 1.707800 ms  DeleteObjects: 0.383100 ms)

